<?xml version="1.0" encoding="UTF-8"?>
<!-- Generated by org.testng.reporters.JUnitXMLReporter -->
<testsuite ignored="0" hostname="DESKTOP-D1LVJ0N" failures="0" tests="7" name="Default test" time="0.177" errors="0" timestamp="2023-03-20T12:46:25 IST">
  <testcase classname="Test.Day3" name="MobileSigninCarLoan" time="0.006"/>
  <testcase classname="Test.Day3" name="MobileSignoutCarLoan" time="0.004"/>
  <testcase classname="Test.Day3" name="MobileSignoutCarLoan" time="0.005"/>
  <testcase classname="Test.Day3" name="MobileSignoutCarLoan" time="0.008"/>
  <testcase classname="Test.Day3" name="WebLoginCarLoan" time="0.005"/>
  <testcase classname="Test.Day3" name="MobileLoginCarLoan" time="0.005"/>
  <testcase classname="Test.Day3" name="APICarLoan" time="0.006"/>
</testsuite> <!-- Default test -->
