<?xml version="1.0" encoding="UTF-8"?>
<!-- Generated by org.testng.reporters.JUnitXMLReporter -->
<testsuite ignored="1" hostname="DESKTOP-D1LVJ0N" failures="0" tests="6" name="Car Loan" time="0.112" errors="0" timestamp="2023-03-30T13:24:37 IST">
  <testcase classname="Test.Day3" name="MobileLoginCarLoan" time="0.002"/>
  <testcase classname="Test.Day3" name="MobileSigninCarLoan" time="0.009"/>
  <testcase classname="Test.Day3" name="MobileSignoutCarLoan" time="0.005"/>
  <testcase classname="Test.Day3" name="MobileSignoutCarLoan" time="0.011"/>
  <testcase classname="Test.Day3" name="MobileSignoutCarLoan" time="0.01"/>
  <testcase classname="Test.Day3" name="WebLoginCarLoan" time="0.003"/>
  <testcase classname="Test.Day3" name="APICarLoan" time="0.0">
    <ignored/>
  </testcase> <!-- APICarLoan -->
</testsuite> <!-- Car Loan -->
